<?xml version="1.0" encoding="UTF-8"?>
<testsuite xmlns:xsi="http://www.w3.org/2001/XMLSchema-instance" xsi:noNamespaceSchemaLocation="https://maven.apache.org/surefire/maven-surefire-plugin/xsd/surefire-test-report.xsd" name="application.CyclingStatisticsTest" time="1.45" tests="2" errors="0" skipped="0" failures="2">
  <properties>
[...]
</properties>
  <testcase name="onlyBarChart" classname="application.CyclingStatisticsTest" time="1.029">
    <failure message="Make sure you changed the LineChart object to a BarChart object. Now a BarChart object could not be found in the GridPane layout." type="java.lang.AssertionError">java.lang.AssertionError: Make sure you changed the LineChart object to a BarChart object. Now a BarChart object could not be found in the GridPane layout.
	at application.CyclingStatisticsTest.onlyBarChart(CyclingStatisticsTest.java:89)
</failure>
  </testcase>
  <testcase name="noLineCharts" classname="application.CyclingStatisticsTest" time="0.362">
    <failure message="The string &apos;LineChart&apos; should not appear in the file &apos;CyclingStatisticsApplication.java&apos;. Now it appeared at least 2 times. expected:&lt;0&gt; but was:&lt;2&gt;" type="java.lang.AssertionError"><![CDATA[java.lang.AssertionError: The string 'LineChart' should not appear in the file 'CyclingStatisticsApplication.java'. Now it appeared at least 2 times. expected:<0> but was:<2>
	at application.CyclingStatisticsTest.noLineCharts(CyclingStatisticsTest.java:60)
]]></failure>
  </testcase>
</testsuite>