<?xml version="1.0" encoding="UTF-8"?>
<testsuite xmlns:xsi="http://www.w3.org/2001/XMLSchema-instance" xsi:noNamespaceSchemaLocation="https://maven.apache.org/surefire/maven-surefire-plugin/xsd/surefire-test-report.xsd" name="MagicSquareTest" time="0.048" tests="9" errors="0" skipped="0" failures="0">
  <properties>
[...]
</properties>
  <testcase name="testFactory" classname="MagicSquareTest" time="0.001"/>
  <testcase name="sumsOfRowsIsCorrect2" classname="MagicSquareTest" time="0"/>
  <testcase name="sumsOfColumnsIsCorrect" classname="MagicSquareTest" time="0"/>
  <testcase name="sumsOfDiagonalsIsCorrect" classname="MagicSquareTest" time="0"/>
  <testcase name="sumsOfRowsIsCorrect" classname="MagicSquareTest" time="0"/>
  <testcase name="sumsOfColumnsIsCorrect2" classname="MagicSquareTest" time="0"/>
  <testcase name="sumsOfDiagonalsIsCorrect2" classname="MagicSquareTest" time="0"/>
  <testcase name="sumsOfDiagonalsIsCorrect3" classname="MagicSquareTest" time="0"/>
  <testcase name="testFactory2" classname="MagicSquareTest" time="0.001"/>
</testsuite>